14:01:25 **** Updating project Project: project created
Project updated successfully

14:01:25 **** Updating project Project: project refresh
Project updated successfully

14:01:47 **** Updating project Project: Configuration file [Project.rteconfig] is saved
Project updated successfully

11:34:09 **** Updating project Project: initial project load
Project updated successfully

11:34:10 **** Updating project Project: project created
Project updated successfully

11:34:10 **** Updating project Project: project refresh
Project updated successfully

18:46:22 **** Updating project Project: initial project load
Project updated successfully

18:46:22 **** Updating project Project: project created
Project updated successfully

18:46:22 **** Updating project Project: project refresh
Project updated successfully

16:54:37 **** Updating project Project: initial project load
Project updated successfully

16:54:37 **** Updating project Project: project created
Project updated successfully

16:54:37 **** Updating project Project: project refresh
Project updated successfully

23:12:13 **** Updating project Project: initial project load
Project updated successfully

23:12:14 **** Updating project Project: project created
Project updated successfully

23:12:14 **** Updating project Project: project refresh
Project updated successfully

00:04:32 **** Updating project Project: initial project load
Project updated successfully

00:04:32 **** Updating project Project: project created
Project updated successfully

00:04:32 **** Updating project Project: project refresh
Project updated successfully

12:26:48 **** Updating project Project: initial project load
Project updated successfully

12:26:48 **** Updating project Project: project created
Project updated successfully

12:26:48 **** Updating project Project: project refresh
Project updated successfully

09:39:59 **** Updating project Project: initial project load
Project updated successfully

09:39:59 **** Updating project Project: project created
Project updated successfully

09:39:59 **** Updating project Project: project refresh
Project updated successfully

11:41:18 **** Updating project Project: initial project load
Project updated successfully

11:41:19 **** Updating project Project: project created
Project updated successfully

11:41:19 **** Updating project Project: project refresh
Project updated successfully

21:26:00 **** Updating project Project: initial project load
Project updated successfully

21:26:01 **** Updating project Project: project created
Project updated successfully

21:26:01 **** Updating project Project: project refresh
Project updated successfully

09:16:48 **** Updating project Project: initial project load
Project updated successfully

09:16:48 **** Updating project Project: project created
Project updated successfully

09:16:48 **** Updating project Project: project refresh
Project updated successfully

10:15:28 **** Updating project Project: initial project load
Project updated successfully

10:15:28 **** Updating project Project: project created
Project updated successfully

10:15:28 **** Updating project Project: project refresh
Project updated successfully

16:07:49 **** Updating project Project: initial project load
Project updated successfully

16:07:49 **** Updating project Project: project created
Project updated successfully

16:07:49 **** Updating project Project: project refresh
Project updated successfully

08:56:45 **** Updating project Project: initial project load
Project updated successfully

08:56:45 **** Updating project Project: project created
Project updated successfully

08:56:45 **** Updating project Project: project refresh
Project updated successfully

10:21:35 **** Updating project Project: initial project load
Project updated successfully

10:21:35 **** Updating project Project: project created
Project updated successfully

10:21:35 **** Updating project Project: project refresh
Project updated successfully

09:23:25 **** Updating project Project: initial project load
Project updated successfully

09:23:26 **** Updating project Project: project created
Project updated successfully

09:23:26 **** Updating project Project: project refresh
Project updated successfully

10:22:50 **** Updating project Project: initial project load
Project updated successfully

10:22:51 **** Updating project Project: project created
Project updated successfully

10:22:51 **** Updating project Project: project refresh
Project updated successfully

09:13:28 **** Updating project Project: initial project load
Project updated successfully

09:13:28 **** Updating project Project: project created
Project updated successfully

09:13:28 **** Updating project Project: project refresh
Project updated successfully

11:04:26 **** Updating project Project: initial project load
Project updated successfully

11:04:26 **** Updating project Project: project created
Project updated successfully

11:04:27 **** Updating project Project: project refresh
Project updated successfully

22:14:39 **** Updating project Project: initial project load
Project updated successfully

22:14:40 **** Updating project Project: project created
Project updated successfully

22:14:40 **** Updating project Project: project refresh
Project updated successfully

22:23:57 **** Updating project Project: initial project load
Project updated successfully

